2024-02-23 23:04:26 ERROR JobRunShell:211 - Job 49f72f2a-4f49-4b17-b216-c83c66ee4c87.2024-01-01T16:12 threw an unhandled Exception: 
java.lang.NullPointerException
	at ui.SendReminder.execute(SendReminder.java:47)
	at org.quartz.core.JobRunShell.run(JobRunShell.java:202)
	at org.quartz.simpl.SimpleThreadPool$WorkerThread.run(SimpleThreadPool.java:573)
2024-02-23 23:04:26 ERROR JobRunShell:211 - Job 49f72f2a-4f49-4b17-b216-c83c66ee4c87.2024-01-01T11:24 threw an unhandled Exception: 
java.lang.NullPointerException
	at ui.SendReminder.execute(SendReminder.java:47)
	at org.quartz.core.JobRunShell.run(JobRunShell.java:202)
	at org.quartz.simpl.SimpleThreadPool$WorkerThread.run(SimpleThreadPool.java:573)
2024-02-23 23:04:26 ERROR JobRunShell:211 - Job 49f72f2a-4f49-4b17-b216-c83c66ee4c87.2024-01-01T13:48 threw an unhandled Exception: 
java.lang.NullPointerException
	at ui.SendReminder.execute(SendReminder.java:47)
	at org.quartz.core.JobRunShell.run(JobRunShell.java:202)
	at org.quartz.simpl.SimpleThreadPool$WorkerThread.run(SimpleThreadPool.java:573)
2024-02-23 23:04:26 ERROR ErrorLogger:2401 - Job (49f72f2a-4f49-4b17-b216-c83c66ee4c87.2024-01-01T13:48 threw an exception.
org.quartz.SchedulerException: Job threw an unhandled exception. [See nested exception: java.lang.NullPointerException]
	at org.quartz.core.JobRunShell.run(JobRunShell.java:213)
	at org.quartz.simpl.SimpleThreadPool$WorkerThread.run(SimpleThreadPool.java:573)
Caused by: java.lang.NullPointerException
	at ui.SendReminder.execute(SendReminder.java:47)
	at org.quartz.core.JobRunShell.run(JobRunShell.java:202)
	... 1 more
2024-02-23 23:04:26 ERROR JobRunShell:211 - Job 49f72f2a-4f49-4b17-b216-c83c66ee4c87.2024-01-01T18:36 threw an unhandled Exception: 
java.lang.NullPointerException
	at ui.SendReminder.execute(SendReminder.java:47)
	at org.quartz.core.JobRunShell.run(JobRunShell.java:202)
	at org.quartz.simpl.SimpleThreadPool$WorkerThread.run(SimpleThreadPool.java:573)
2024-02-23 23:04:26 ERROR ErrorLogger:2401 - Job (49f72f2a-4f49-4b17-b216-c83c66ee4c87.2024-01-01T18:36 threw an exception.
org.quartz.SchedulerException: Job threw an unhandled exception. [See nested exception: java.lang.NullPointerException]
	at org.quartz.core.JobRunShell.run(JobRunShell.java:213)
	at org.quartz.simpl.SimpleThreadPool$WorkerThread.run(SimpleThreadPool.java:573)
Caused by: java.lang.NullPointerException
	at ui.SendReminder.execute(SendReminder.java:47)
	at org.quartz.core.JobRunShell.run(JobRunShell.java:202)
	... 1 more
2024-02-23 23:04:26 ERROR ErrorLogger:2401 - Job (49f72f2a-4f49-4b17-b216-c83c66ee4c87.2024-01-01T11:24 threw an exception.
org.quartz.SchedulerException: Job threw an unhandled exception. [See nested exception: java.lang.NullPointerException]
	at org.quartz.core.JobRunShell.run(JobRunShell.java:213)
	at org.quartz.simpl.SimpleThreadPool$WorkerThread.run(SimpleThreadPool.java:573)
Caused by: java.lang.NullPointerException
	at ui.SendReminder.execute(SendReminder.java:47)
	at org.quartz.core.JobRunShell.run(JobRunShell.java:202)
	... 1 more
2024-02-23 23:04:26 ERROR ErrorLogger:2401 - Job (49f72f2a-4f49-4b17-b216-c83c66ee4c87.2024-01-01T16:12 threw an exception.
org.quartz.SchedulerException: Job threw an unhandled exception. [See nested exception: java.lang.NullPointerException]
	at org.quartz.core.JobRunShell.run(JobRunShell.java:213)
	at org.quartz.simpl.SimpleThreadPool$WorkerThread.run(SimpleThreadPool.java:573)
Caused by: java.lang.NullPointerException
	at ui.SendReminder.execute(SendReminder.java:47)
	at org.quartz.core.JobRunShell.run(JobRunShell.java:202)
	... 1 more
2024-02-23 23:04:26 ERROR JobRunShell:211 - Job 771379ec-5867-45e3-b311-c1e3da56887f.2024-01-01T13:48 threw an unhandled Exception: 
java.lang.NullPointerException
	at ui.SendReminder.execute(SendReminder.java:47)
	at org.quartz.core.JobRunShell.run(JobRunShell.java:202)
	at org.quartz.simpl.SimpleThreadPool$WorkerThread.run(SimpleThreadPool.java:573)
2024-02-23 23:04:26 ERROR ErrorLogger:2401 - Job (771379ec-5867-45e3-b311-c1e3da56887f.2024-01-01T13:48 threw an exception.
org.quartz.SchedulerException: Job threw an unhandled exception. [See nested exception: java.lang.NullPointerException]
	at org.quartz.core.JobRunShell.run(JobRunShell.java:213)
	at org.quartz.simpl.SimpleThreadPool$WorkerThread.run(SimpleThreadPool.java:573)
Caused by: java.lang.NullPointerException
	at ui.SendReminder.execute(SendReminder.java:47)
	at org.quartz.core.JobRunShell.run(JobRunShell.java:202)
	... 1 more
2024-02-23 23:04:26 ERROR JobRunShell:211 - Job 771379ec-5867-45e3-b311-c1e3da56887f.2024-01-01T11:24 threw an unhandled Exception: 
java.lang.NullPointerException
	at ui.SendReminder.execute(SendReminder.java:47)
	at org.quartz.core.JobRunShell.run(JobRunShell.java:202)
	at org.quartz.simpl.SimpleThreadPool$WorkerThread.run(SimpleThreadPool.java:573)
2024-02-23 23:04:26 ERROR ErrorLogger:2401 - Job (771379ec-5867-45e3-b311-c1e3da56887f.2024-01-01T11:24 threw an exception.
org.quartz.SchedulerException: Job threw an unhandled exception. [See nested exception: java.lang.NullPointerException]
	at org.quartz.core.JobRunShell.run(JobRunShell.java:213)
	at org.quartz.simpl.SimpleThreadPool$WorkerThread.run(SimpleThreadPool.java:573)
Caused by: java.lang.NullPointerException
	at ui.SendReminder.execute(SendReminder.java:47)
	at org.quartz.core.JobRunShell.run(JobRunShell.java:202)
	... 1 more
2024-02-23 23:04:26 ERROR JobRunShell:211 - Job 771379ec-5867-45e3-b311-c1e3da56887f.2024-01-01T16:12 threw an unhandled Exception: 
java.lang.NullPointerException
	at ui.SendReminder.execute(SendReminder.java:47)
	at org.quartz.core.JobRunShell.run(JobRunShell.java:202)
	at org.quartz.simpl.SimpleThreadPool$WorkerThread.run(SimpleThreadPool.java:573)
2024-02-23 23:04:26 ERROR ErrorLogger:2401 - Job (771379ec-5867-45e3-b311-c1e3da56887f.2024-01-01T16:12 threw an exception.
org.quartz.SchedulerException: Job threw an unhandled exception. [See nested exception: java.lang.NullPointerException]
	at org.quartz.core.JobRunShell.run(JobRunShell.java:213)
	at org.quartz.simpl.SimpleThreadPool$WorkerThread.run(SimpleThreadPool.java:573)
Caused by: java.lang.NullPointerException
	at ui.SendReminder.execute(SendReminder.java:47)
	at org.quartz.core.JobRunShell.run(JobRunShell.java:202)
	... 1 more
2024-02-23 23:04:26 ERROR JobRunShell:211 - Job 771379ec-5867-45e3-b311-c1e3da56887f.2024-01-01T18:36 threw an unhandled Exception: 
java.lang.NullPointerException
	at ui.SendReminder.execute(SendReminder.java:47)
	at org.quartz.core.JobRunShell.run(JobRunShell.java:202)
	at org.quartz.simpl.SimpleThreadPool$WorkerThread.run(SimpleThreadPool.java:573)
2024-02-23 23:04:26 ERROR ErrorLogger:2401 - Job (771379ec-5867-45e3-b311-c1e3da56887f.2024-01-01T18:36 threw an exception.
org.quartz.SchedulerException: Job threw an unhandled exception. [See nested exception: java.lang.NullPointerException]
	at org.quartz.core.JobRunShell.run(JobRunShell.java:213)
	at org.quartz.simpl.SimpleThreadPool$WorkerThread.run(SimpleThreadPool.java:573)
Caused by: java.lang.NullPointerException
	at ui.SendReminder.execute(SendReminder.java:47)
	at org.quartz.core.JobRunShell.run(JobRunShell.java:202)
	... 1 more
2024-02-23 23:04:26 ERROR JobRunShell:211 - Job eda55705-59b9-4c17-8d76-7bd01a11083a.2024-01-01T13:48 threw an unhandled Exception: 
java.lang.NullPointerException
	at ui.SendReminder.execute(SendReminder.java:47)
	at org.quartz.core.JobRunShell.run(JobRunShell.java:202)
	at org.quartz.simpl.SimpleThreadPool$WorkerThread.run(SimpleThreadPool.java:573)
2024-02-23 23:04:26 ERROR ErrorLogger:2401 - Job (eda55705-59b9-4c17-8d76-7bd01a11083a.2024-01-01T13:48 threw an exception.
org.quartz.SchedulerException: Job threw an unhandled exception. [See nested exception: java.lang.NullPointerException]
	at org.quartz.core.JobRunShell.run(JobRunShell.java:213)
	at org.quartz.simpl.SimpleThreadPool$WorkerThread.run(SimpleThreadPool.java:573)
Caused by: java.lang.NullPointerException
	at ui.SendReminder.execute(SendReminder.java:47)
	at org.quartz.core.JobRunShell.run(JobRunShell.java:202)
	... 1 more
2024-02-23 23:04:26 ERROR JobRunShell:211 - Job eda55705-59b9-4c17-8d76-7bd01a11083a.2024-01-01T11:24 threw an unhandled Exception: 
java.lang.NullPointerException
	at ui.SendReminder.execute(SendReminder.java:47)
	at org.quartz.core.JobRunShell.run(JobRunShell.java:202)
	at org.quartz.simpl.SimpleThreadPool$WorkerThread.run(SimpleThreadPool.java:573)
2024-02-23 23:04:26 ERROR ErrorLogger:2401 - Job (eda55705-59b9-4c17-8d76-7bd01a11083a.2024-01-01T11:24 threw an exception.
org.quartz.SchedulerException: Job threw an unhandled exception. [See nested exception: java.lang.NullPointerException]
	at org.quartz.core.JobRunShell.run(JobRunShell.java:213)
	at org.quartz.simpl.SimpleThreadPool$WorkerThread.run(SimpleThreadPool.java:573)
Caused by: java.lang.NullPointerException
	at ui.SendReminder.execute(SendReminder.java:47)
	at org.quartz.core.JobRunShell.run(JobRunShell.java:202)
	... 1 more
2024-02-23 23:04:26 ERROR JobRunShell:211 - Job eda55705-59b9-4c17-8d76-7bd01a11083a.2024-01-01T18:36 threw an unhandled Exception: 
java.lang.NullPointerException
	at ui.SendReminder.execute(SendReminder.java:47)
	at org.quartz.core.JobRunShell.run(JobRunShell.java:202)
	at org.quartz.simpl.SimpleThreadPool$WorkerThread.run(SimpleThreadPool.java:573)
2024-02-23 23:04:26 ERROR ErrorLogger:2401 - Job (eda55705-59b9-4c17-8d76-7bd01a11083a.2024-01-01T18:36 threw an exception.
org.quartz.SchedulerException: Job threw an unhandled exception. [See nested exception: java.lang.NullPointerException]
	at org.quartz.core.JobRunShell.run(JobRunShell.java:213)
	at org.quartz.simpl.SimpleThreadPool$WorkerThread.run(SimpleThreadPool.java:573)
Caused by: java.lang.NullPointerException
	at ui.SendReminder.execute(SendReminder.java:47)
	at org.quartz.core.JobRunShell.run(JobRunShell.java:202)
	... 1 more
2024-02-23 23:04:26 ERROR JobRunShell:211 - Job eda55705-59b9-4c17-8d76-7bd01a11083a.2024-01-01T16:12 threw an unhandled Exception: 
java.lang.NullPointerException
	at ui.SendReminder.execute(SendReminder.java:47)
	at org.quartz.core.JobRunShell.run(JobRunShell.java:202)
	at org.quartz.simpl.SimpleThreadPool$WorkerThread.run(SimpleThreadPool.java:573)
2024-02-23 23:04:26 ERROR ErrorLogger:2401 - Job (eda55705-59b9-4c17-8d76-7bd01a11083a.2024-01-01T16:12 threw an exception.
org.quartz.SchedulerException: Job threw an unhandled exception. [See nested exception: java.lang.NullPointerException]
	at org.quartz.core.JobRunShell.run(JobRunShell.java:213)
	at org.quartz.simpl.SimpleThreadPool$WorkerThread.run(SimpleThreadPool.java:573)
Caused by: java.lang.NullPointerException
	at ui.SendReminder.execute(SendReminder.java:47)
	at org.quartz.core.JobRunShell.run(JobRunShell.java:202)
	... 1 more
2024-02-23 23:04:26 ERROR JobRunShell:211 - Job b871d23e-f8db-4b6d-8432-8b15a677d1f8.2024-01-01T13:48 threw an unhandled Exception: 
java.lang.NullPointerException
	at ui.SendReminder.execute(SendReminder.java:47)
	at org.quartz.core.JobRunShell.run(JobRunShell.java:202)
	at org.quartz.simpl.SimpleThreadPool$WorkerThread.run(SimpleThreadPool.java:573)
2024-02-23 23:04:26 ERROR ErrorLogger:2401 - Job (b871d23e-f8db-4b6d-8432-8b15a677d1f8.2024-01-01T13:48 threw an exception.
org.quartz.SchedulerException: Job threw an unhandled exception. [See nested exception: java.lang.NullPointerException]
	at org.quartz.core.JobRunShell.run(JobRunShell.java:213)
	at org.quartz.simpl.SimpleThreadPool$WorkerThread.run(SimpleThreadPool.java:573)
Caused by: java.lang.NullPointerException
	at ui.SendReminder.execute(SendReminder.java:47)
	at org.quartz.core.JobRunShell.run(JobRunShell.java:202)
	... 1 more
2024-02-23 23:04:26 ERROR JobRunShell:211 - Job b871d23e-f8db-4b6d-8432-8b15a677d1f8.2024-01-01T11:24 threw an unhandled Exception: 
java.lang.NullPointerException
	at ui.SendReminder.execute(SendReminder.java:47)
	at org.quartz.core.JobRunShell.run(JobRunShell.java:202)
	at org.quartz.simpl.SimpleThreadPool$WorkerThread.run(SimpleThreadPool.java:573)
2024-02-23 23:04:26 ERROR ErrorLogger:2401 - Job (b871d23e-f8db-4b6d-8432-8b15a677d1f8.2024-01-01T11:24 threw an exception.
org.quartz.SchedulerException: Job threw an unhandled exception. [See nested exception: java.lang.NullPointerException]
	at org.quartz.core.JobRunShell.run(JobRunShell.java:213)
	at org.quartz.simpl.SimpleThreadPool$WorkerThread.run(SimpleThreadPool.java:573)
Caused by: java.lang.NullPointerException
	at ui.SendReminder.execute(SendReminder.java:47)
	at org.quartz.core.JobRunShell.run(JobRunShell.java:202)
	... 1 more
2024-02-23 23:04:26 ERROR JobRunShell:211 - Job b871d23e-f8db-4b6d-8432-8b15a677d1f8.2024-01-01T16:12 threw an unhandled Exception: 
java.lang.NullPointerException
	at ui.SendReminder.execute(SendReminder.java:47)
	at org.quartz.core.JobRunShell.run(JobRunShell.java:202)
	at org.quartz.simpl.SimpleThreadPool$WorkerThread.run(SimpleThreadPool.java:573)
2024-02-23 23:04:26 ERROR ErrorLogger:2401 - Job (b871d23e-f8db-4b6d-8432-8b15a677d1f8.2024-01-01T16:12 threw an exception.
org.quartz.SchedulerException: Job threw an unhandled exception. [See nested exception: java.lang.NullPointerException]
	at org.quartz.core.JobRunShell.run(JobRunShell.java:213)
	at org.quartz.simpl.SimpleThreadPool$WorkerThread.run(SimpleThreadPool.java:573)
Caused by: java.lang.NullPointerException
	at ui.SendReminder.execute(SendReminder.java:47)
	at org.quartz.core.JobRunShell.run(JobRunShell.java:202)
	... 1 more
2024-02-23 23:04:26 ERROR JobRunShell:211 - Job b871d23e-f8db-4b6d-8432-8b15a677d1f8.2024-01-01T18:36 threw an unhandled Exception: 
java.lang.NullPointerException
	at ui.SendReminder.execute(SendReminder.java:47)
	at org.quartz.core.JobRunShell.run(JobRunShell.java:202)
	at org.quartz.simpl.SimpleThreadPool$WorkerThread.run(SimpleThreadPool.java:573)
2024-02-23 23:04:26 ERROR ErrorLogger:2401 - Job (b871d23e-f8db-4b6d-8432-8b15a677d1f8.2024-01-01T18:36 threw an exception.
org.quartz.SchedulerException: Job threw an unhandled exception. [See nested exception: java.lang.NullPointerException]
	at org.quartz.core.JobRunShell.run(JobRunShell.java:213)
	at org.quartz.simpl.SimpleThreadPool$WorkerThread.run(SimpleThreadPool.java:573)
Caused by: java.lang.NullPointerException
	at ui.SendReminder.execute(SendReminder.java:47)
	at org.quartz.core.JobRunShell.run(JobRunShell.java:202)
	... 1 more
2024-02-23 23:04:26 ERROR JobRunShell:211 - Job 22239681-b5b1-447c-b394-ffe6c7cb1dcf.2024-01-01T13:48 threw an unhandled Exception: 
java.lang.NullPointerException
	at ui.SendReminder.execute(SendReminder.java:47)
	at org.quartz.core.JobRunShell.run(JobRunShell.java:202)
	at org.quartz.simpl.SimpleThreadPool$WorkerThread.run(SimpleThreadPool.java:573)
2024-02-23 23:04:26 ERROR ErrorLogger:2401 - Job (22239681-b5b1-447c-b394-ffe6c7cb1dcf.2024-01-01T13:48 threw an exception.
org.quartz.SchedulerException: Job threw an unhandled exception. [See nested exception: java.lang.NullPointerException]
	at org.quartz.core.JobRunShell.run(JobRunShell.java:213)
	at org.quartz.simpl.SimpleThreadPool$WorkerThread.run(SimpleThreadPool.java:573)
Caused by: java.lang.NullPointerException
	at ui.SendReminder.execute(SendReminder.java:47)
	at org.quartz.core.JobRunShell.run(JobRunShell.java:202)
	... 1 more
2024-02-23 23:04:26 ERROR JobRunShell:211 - Job 22239681-b5b1-447c-b394-ffe6c7cb1dcf.2024-01-01T11:24 threw an unhandled Exception: 
java.lang.NullPointerException
	at ui.SendReminder.execute(SendReminder.java:47)
	at org.quartz.core.JobRunShell.run(JobRunShell.java:202)
	at org.quartz.simpl.SimpleThreadPool$WorkerThread.run(SimpleThreadPool.java:573)
2024-02-23 23:04:26 ERROR ErrorLogger:2401 - Job (22239681-b5b1-447c-b394-ffe6c7cb1dcf.2024-01-01T11:24 threw an exception.
org.quartz.SchedulerException: Job threw an unhandled exception. [See nested exception: java.lang.NullPointerException]
	at org.quartz.core.JobRunShell.run(JobRunShell.java:213)
	at org.quartz.simpl.SimpleThreadPool$WorkerThread.run(SimpleThreadPool.java:573)
Caused by: java.lang.NullPointerException
	at ui.SendReminder.execute(SendReminder.java:47)
	at org.quartz.core.JobRunShell.run(JobRunShell.java:202)
	... 1 more
2024-02-23 23:04:26 ERROR JobRunShell:211 - Job 22239681-b5b1-447c-b394-ffe6c7cb1dcf.2024-01-01T18:36 threw an unhandled Exception: 
java.lang.NullPointerException
	at ui.SendReminder.execute(SendReminder.java:47)
	at org.quartz.core.JobRunShell.run(JobRunShell.java:202)
	at org.quartz.simpl.SimpleThreadPool$WorkerThread.run(SimpleThreadPool.java:573)
2024-02-23 23:04:26 ERROR ErrorLogger:2401 - Job (22239681-b5b1-447c-b394-ffe6c7cb1dcf.2024-01-01T18:36 threw an exception.
org.quartz.SchedulerException: Job threw an unhandled exception. [See nested exception: java.lang.NullPointerException]
	at org.quartz.core.JobRunShell.run(JobRunShell.java:213)
	at org.quartz.simpl.SimpleThreadPool$WorkerThread.run(SimpleThreadPool.java:573)
Caused by: java.lang.NullPointerException
	at ui.SendReminder.execute(SendReminder.java:47)
	at org.quartz.core.JobRunShell.run(JobRunShell.java:202)
	... 1 more
2024-02-23 23:04:26 ERROR JobRunShell:211 - Job 22239681-b5b1-447c-b394-ffe6c7cb1dcf.2024-01-01T16:12 threw an unhandled Exception: 
java.lang.NullPointerException
	at ui.SendReminder.execute(SendReminder.java:47)
	at org.quartz.core.JobRunShell.run(JobRunShell.java:202)
	at org.quartz.simpl.SimpleThreadPool$WorkerThread.run(SimpleThreadPool.java:573)
2024-02-23 23:04:26 ERROR ErrorLogger:2401 - Job (22239681-b5b1-447c-b394-ffe6c7cb1dcf.2024-01-01T16:12 threw an exception.
org.quartz.SchedulerException: Job threw an unhandled exception. [See nested exception: java.lang.NullPointerException]
	at org.quartz.core.JobRunShell.run(JobRunShell.java:213)
	at org.quartz.simpl.SimpleThreadPool$WorkerThread.run(SimpleThreadPool.java:573)
Caused by: java.lang.NullPointerException
	at ui.SendReminder.execute(SendReminder.java:47)
	at org.quartz.core.JobRunShell.run(JobRunShell.java:202)
	... 1 more
2024-02-23 23:04:26 ERROR JobRunShell:211 - Job 22239681-b5b1-447c-b394-ffe6c7cb1dcf.2024-01-01T13:48 threw an unhandled Exception: 
java.lang.NullPointerException
	at ui.SendReminder.execute(SendReminder.java:47)
	at org.quartz.core.JobRunShell.run(JobRunShell.java:202)
	at org.quartz.simpl.SimpleThreadPool$WorkerThread.run(SimpleThreadPool.java:573)
2024-02-23 23:04:26 ERROR ErrorLogger:2401 - Job (22239681-b5b1-447c-b394-ffe6c7cb1dcf.2024-01-01T13:48 threw an exception.
org.quartz.SchedulerException: Job threw an unhandled exception. [See nested exception: java.lang.NullPointerException]
	at org.quartz.core.JobRunShell.run(JobRunShell.java:213)
	at org.quartz.simpl.SimpleThreadPool$WorkerThread.run(SimpleThreadPool.java:573)
Caused by: java.lang.NullPointerException
	at ui.SendReminder.execute(SendReminder.java:47)
	at org.quartz.core.JobRunShell.run(JobRunShell.java:202)
	... 1 more
2024-02-23 23:04:26 ERROR JobRunShell:211 - Job 22239681-b5b1-447c-b394-ffe6c7cb1dcf.2024-01-01T16:12 threw an unhandled Exception: 
java.lang.NullPointerException
	at ui.SendReminder.execute(SendReminder.java:47)
	at org.quartz.core.JobRunShell.run(JobRunShell.java:202)
	at org.quartz.simpl.SimpleThreadPool$WorkerThread.run(SimpleThreadPool.java:573)
2024-02-23 23:04:26 ERROR ErrorLogger:2401 - Job (22239681-b5b1-447c-b394-ffe6c7cb1dcf.2024-01-01T16:12 threw an exception.
org.quartz.SchedulerException: Job threw an unhandled exception. [See nested exception: java.lang.NullPointerException]
	at org.quartz.core.JobRunShell.run(JobRunShell.java:213)
	at org.quartz.simpl.SimpleThreadPool$WorkerThread.run(SimpleThreadPool.java:573)
Caused by: java.lang.NullPointerException
	at ui.SendReminder.execute(SendReminder.java:47)
	at org.quartz.core.JobRunShell.run(JobRunShell.java:202)
	... 1 more
2024-02-23 23:04:26 ERROR JobRunShell:211 - Job 83c2eb38-c13d-4ea5-9934-3d2fb9823b19.2024-01-01T13:48 threw an unhandled Exception: 
java.lang.NullPointerException
	at ui.SendReminder.execute(SendReminder.java:47)
	at org.quartz.core.JobRunShell.run(JobRunShell.java:202)
	at org.quartz.simpl.SimpleThreadPool$WorkerThread.run(SimpleThreadPool.java:573)
2024-02-23 23:04:26 ERROR ErrorLogger:2401 - Job (83c2eb38-c13d-4ea5-9934-3d2fb9823b19.2024-01-01T13:48 threw an exception.
org.quartz.SchedulerException: Job threw an unhandled exception. [See nested exception: java.lang.NullPointerException]
	at org.quartz.core.JobRunShell.run(JobRunShell.java:213)
	at org.quartz.simpl.SimpleThreadPool$WorkerThread.run(SimpleThreadPool.java:573)
Caused by: java.lang.NullPointerException
	at ui.SendReminder.execute(SendReminder.java:47)
	at org.quartz.core.JobRunShell.run(JobRunShell.java:202)
	... 1 more
2024-02-23 23:04:26 ERROR JobRunShell:211 - Job 83c2eb38-c13d-4ea5-9934-3d2fb9823b19.2024-01-01T18:36 threw an unhandled Exception: 
java.lang.NullPointerException
	at ui.SendReminder.execute(SendReminder.java:47)
	at org.quartz.core.JobRunShell.run(JobRunShell.java:202)
	at org.quartz.simpl.SimpleThreadPool$WorkerThread.run(SimpleThreadPool.java:573)
2024-02-23 23:04:26 ERROR ErrorLogger:2401 - Job (83c2eb38-c13d-4ea5-9934-3d2fb9823b19.2024-01-01T18:36 threw an exception.
org.quartz.SchedulerException: Job threw an unhandled exception. [See nested exception: java.lang.NullPointerException]
	at org.quartz.core.JobRunShell.run(JobRunShell.java:213)
	at org.quartz.simpl.SimpleThreadPool$WorkerThread.run(SimpleThreadPool.java:573)
Caused by: java.lang.NullPointerException
	at ui.SendReminder.execute(SendReminder.java:47)
	at org.quartz.core.JobRunShell.run(JobRunShell.java:202)
	... 1 more
2024-02-23 23:04:26 ERROR JobRunShell:211 - Job 83c2eb38-c13d-4ea5-9934-3d2fb9823b19.2024-01-01T11:24 threw an unhandled Exception: 
java.lang.NullPointerException
	at ui.SendReminder.execute(SendReminder.java:47)
	at org.quartz.core.JobRunShell.run(JobRunShell.java:202)
	at org.quartz.simpl.SimpleThreadPool$WorkerThread.run(SimpleThreadPool.java:573)
2024-02-23 23:04:26 ERROR ErrorLogger:2401 - Job (83c2eb38-c13d-4ea5-9934-3d2fb9823b19.2024-01-01T11:24 threw an exception.
org.quartz.SchedulerException: Job threw an unhandled exception. [See nested exception: java.lang.NullPointerException]
	at org.quartz.core.JobRunShell.run(JobRunShell.java:213)
	at org.quartz.simpl.SimpleThreadPool$WorkerThread.run(SimpleThreadPool.java:573)
Caused by: java.lang.NullPointerException
	at ui.SendReminder.execute(SendReminder.java:47)
	at org.quartz.core.JobRunShell.run(JobRunShell.java:202)
	... 1 more
2024-02-23 23:04:26 ERROR JobRunShell:211 - Job 22239681-b5b1-447c-b394-ffe6c7cb1dcf.2024-01-01T18:36 threw an unhandled Exception: 
java.lang.NullPointerException
	at ui.SendReminder.execute(SendReminder.java:47)
	at org.quartz.core.JobRunShell.run(JobRunShell.java:202)
	at org.quartz.simpl.SimpleThreadPool$WorkerThread.run(SimpleThreadPool.java:573)
2024-02-23 23:04:26 ERROR ErrorLogger:2401 - Job (22239681-b5b1-447c-b394-ffe6c7cb1dcf.2024-01-01T18:36 threw an exception.
org.quartz.SchedulerException: Job threw an unhandled exception. [See nested exception: java.lang.NullPointerException]
	at org.quartz.core.JobRunShell.run(JobRunShell.java:213)
	at org.quartz.simpl.SimpleThreadPool$WorkerThread.run(SimpleThreadPool.java:573)
Caused by: java.lang.NullPointerException
	at ui.SendReminder.execute(SendReminder.java:47)
	at org.quartz.core.JobRunShell.run(JobRunShell.java:202)
	... 1 more
2024-02-23 23:04:26 ERROR JobRunShell:211 - Job 22239681-b5b1-447c-b394-ffe6c7cb1dcf.2024-01-01T11:24 threw an unhandled Exception: 
java.lang.NullPointerException
	at ui.SendReminder.execute(SendReminder.java:47)
	at org.quartz.core.JobRunShell.run(JobRunShell.java:202)
	at org.quartz.simpl.SimpleThreadPool$WorkerThread.run(SimpleThreadPool.java:573)
2024-02-23 23:04:26 ERROR ErrorLogger:2401 - Job (22239681-b5b1-447c-b394-ffe6c7cb1dcf.2024-01-01T11:24 threw an exception.
org.quartz.SchedulerException: Job threw an unhandled exception. [See nested exception: java.lang.NullPointerException]
	at org.quartz.core.JobRunShell.run(JobRunShell.java:213)
	at org.quartz.simpl.SimpleThreadPool$WorkerThread.run(SimpleThreadPool.java:573)
Caused by: java.lang.NullPointerException
	at ui.SendReminder.execute(SendReminder.java:47)
	at org.quartz.core.JobRunShell.run(JobRunShell.java:202)
	... 1 more
2024-02-23 23:04:26 ERROR JobRunShell:211 - Job 83c2eb38-c13d-4ea5-9934-3d2fb9823b19.2024-01-01T16:12 threw an unhandled Exception: 
java.lang.NullPointerException
	at ui.SendReminder.execute(SendReminder.java:47)
	at org.quartz.core.JobRunShell.run(JobRunShell.java:202)
	at org.quartz.simpl.SimpleThreadPool$WorkerThread.run(SimpleThreadPool.java:573)
2024-02-23 23:04:26 ERROR ErrorLogger:2401 - Job (83c2eb38-c13d-4ea5-9934-3d2fb9823b19.2024-01-01T16:12 threw an exception.
org.quartz.SchedulerException: Job threw an unhandled exception. [See nested exception: java.lang.NullPointerException]
	at org.quartz.core.JobRunShell.run(JobRunShell.java:213)
	at org.quartz.simpl.SimpleThreadPool$WorkerThread.run(SimpleThreadPool.java:573)
Caused by: java.lang.NullPointerException
	at ui.SendReminder.execute(SendReminder.java:47)
	at org.quartz.core.JobRunShell.run(JobRunShell.java:202)
	... 1 more
2024-02-23 23:04:26 ERROR JobRunShell:211 - Job fb433d71-c372-4f33-8a72-c5dcd164e1a6.2024-01-01T13:48 threw an unhandled Exception: 
java.lang.NullPointerException
	at ui.SendReminder.execute(SendReminder.java:47)
	at org.quartz.core.JobRunShell.run(JobRunShell.java:202)
	at org.quartz.simpl.SimpleThreadPool$WorkerThread.run(SimpleThreadPool.java:573)
2024-02-23 23:04:26 ERROR ErrorLogger:2401 - Job (fb433d71-c372-4f33-8a72-c5dcd164e1a6.2024-01-01T13:48 threw an exception.
org.quartz.SchedulerException: Job threw an unhandled exception. [See nested exception: java.lang.NullPointerException]
	at org.quartz.core.JobRunShell.run(JobRunShell.java:213)
	at org.quartz.simpl.SimpleThreadPool$WorkerThread.run(SimpleThreadPool.java:573)
Caused by: java.lang.NullPointerException
	at ui.SendReminder.execute(SendReminder.java:47)
	at org.quartz.core.JobRunShell.run(JobRunShell.java:202)
	... 1 more
2024-02-23 23:04:26 ERROR JobRunShell:211 - Job fb433d71-c372-4f33-8a72-c5dcd164e1a6.2024-01-01T18:36 threw an unhandled Exception: 
java.lang.NullPointerException
	at ui.SendReminder.execute(SendReminder.java:47)
	at org.quartz.core.JobRunShell.run(JobRunShell.java:202)
	at org.quartz.simpl.SimpleThreadPool$WorkerThread.run(SimpleThreadPool.java:573)
2024-02-23 23:04:26 ERROR ErrorLogger:2401 - Job (fb433d71-c372-4f33-8a72-c5dcd164e1a6.2024-01-01T18:36 threw an exception.
org.quartz.SchedulerException: Job threw an unhandled exception. [See nested exception: java.lang.NullPointerException]
	at org.quartz.core.JobRunShell.run(JobRunShell.java:213)
	at org.quartz.simpl.SimpleThreadPool$WorkerThread.run(SimpleThreadPool.java:573)
Caused by: java.lang.NullPointerException
	at ui.SendReminder.execute(SendReminder.java:47)
	at org.quartz.core.JobRunShell.run(JobRunShell.java:202)
	... 1 more
2024-02-23 23:04:26 ERROR JobRunShell:211 - Job fb433d71-c372-4f33-8a72-c5dcd164e1a6.2024-01-01T16:12 threw an unhandled Exception: 
java.lang.NullPointerException
	at ui.SendReminder.execute(SendReminder.java:47)
	at org.quartz.core.JobRunShell.run(JobRunShell.java:202)
	at org.quartz.simpl.SimpleThreadPool$WorkerThread.run(SimpleThreadPool.java:573)
2024-02-23 23:04:26 ERROR ErrorLogger:2401 - Job (fb433d71-c372-4f33-8a72-c5dcd164e1a6.2024-01-01T16:12 threw an exception.
org.quartz.SchedulerException: Job threw an unhandled exception. [See nested exception: java.lang.NullPointerException]
	at org.quartz.core.JobRunShell.run(JobRunShell.java:213)
	at org.quartz.simpl.SimpleThreadPool$WorkerThread.run(SimpleThreadPool.java:573)
Caused by: java.lang.NullPointerException
	at ui.SendReminder.execute(SendReminder.java:47)
	at org.quartz.core.JobRunShell.run(JobRunShell.java:202)
	... 1 more
2024-02-23 23:04:26 ERROR JobRunShell:211 - Job fb433d71-c372-4f33-8a72-c5dcd164e1a6.2024-01-01T11:24 threw an unhandled Exception: 
java.lang.NullPointerException
	at ui.SendReminder.execute(SendReminder.java:47)
	at org.quartz.core.JobRunShell.run(JobRunShell.java:202)
	at org.quartz.simpl.SimpleThreadPool$WorkerThread.run(SimpleThreadPool.java:573)
2024-02-23 23:04:26 ERROR ErrorLogger:2401 - Job (fb433d71-c372-4f33-8a72-c5dcd164e1a6.2024-01-01T11:24 threw an exception.
org.quartz.SchedulerException: Job threw an unhandled exception. [See nested exception: java.lang.NullPointerException]
	at org.quartz.core.JobRunShell.run(JobRunShell.java:213)
	at org.quartz.simpl.SimpleThreadPool$WorkerThread.run(SimpleThreadPool.java:573)
Caused by: java.lang.NullPointerException
	at ui.SendReminder.execute(SendReminder.java:47)
	at org.quartz.core.JobRunShell.run(JobRunShell.java:202)
	... 1 more
2024-02-23 23:04:26 ERROR JobRunShell:211 - Job e086df45-3cd5-470f-95b9-8a674c33d659.2024-01-01T13:48 threw an unhandled Exception: 
java.lang.NullPointerException
	at ui.SendReminder.execute(SendReminder.java:47)
	at org.quartz.core.JobRunShell.run(JobRunShell.java:202)
	at org.quartz.simpl.SimpleThreadPool$WorkerThread.run(SimpleThreadPool.java:573)
2024-02-23 23:04:26 ERROR ErrorLogger:2401 - Job (e086df45-3cd5-470f-95b9-8a674c33d659.2024-01-01T13:48 threw an exception.
org.quartz.SchedulerException: Job threw an unhandled exception. [See nested exception: java.lang.NullPointerException]
	at org.quartz.core.JobRunShell.run(JobRunShell.java:213)
	at org.quartz.simpl.SimpleThreadPool$WorkerThread.run(SimpleThreadPool.java:573)
Caused by: java.lang.NullPointerException
	at ui.SendReminder.execute(SendReminder.java:47)
	at org.quartz.core.JobRunShell.run(JobRunShell.java:202)
	... 1 more
2024-02-23 23:04:26 ERROR JobRunShell:211 - Job e086df45-3cd5-470f-95b9-8a674c33d659.2024-01-01T16:12 threw an unhandled Exception: 
java.lang.NullPointerException
	at ui.SendReminder.execute(SendReminder.java:47)
	at org.quartz.core.JobRunShell.run(JobRunShell.java:202)
	at org.quartz.simpl.SimpleThreadPool$WorkerThread.run(SimpleThreadPool.java:573)
2024-02-23 23:04:26 ERROR ErrorLogger:2401 - Job (e086df45-3cd5-470f-95b9-8a674c33d659.2024-01-01T16:12 threw an exception.
org.quartz.SchedulerException: Job threw an unhandled exception. [See nested exception: java.lang.NullPointerException]
	at org.quartz.core.JobRunShell.run(JobRunShell.java:213)
	at org.quartz.simpl.SimpleThreadPool$WorkerThread.run(SimpleThreadPool.java:573)
Caused by: java.lang.NullPointerException
	at ui.SendReminder.execute(SendReminder.java:47)
	at org.quartz.core.JobRunShell.run(JobRunShell.java:202)
	... 1 more
2024-02-23 23:04:26 ERROR JobRunShell:211 - Job e086df45-3cd5-470f-95b9-8a674c33d659.2024-01-01T18:36 threw an unhandled Exception: 
java.lang.NullPointerException
	at ui.SendReminder.execute(SendReminder.java:47)
	at org.quartz.core.JobRunShell.run(JobRunShell.java:202)
	at org.quartz.simpl.SimpleThreadPool$WorkerThread.run(SimpleThreadPool.java:573)
2024-02-23 23:04:26 ERROR ErrorLogger:2401 - Job (e086df45-3cd5-470f-95b9-8a674c33d659.2024-01-01T18:36 threw an exception.
org.quartz.SchedulerException: Job threw an unhandled exception. [See nested exception: java.lang.NullPointerException]
	at org.quartz.core.JobRunShell.run(JobRunShell.java:213)
	at org.quartz.simpl.SimpleThreadPool$WorkerThread.run(SimpleThreadPool.java:573)
Caused by: java.lang.NullPointerException
	at ui.SendReminder.execute(SendReminder.java:47)
	at org.quartz.core.JobRunShell.run(JobRunShell.java:202)
	... 1 more
2024-02-23 23:04:26 ERROR JobRunShell:211 - Job e086df45-3cd5-470f-95b9-8a674c33d659.2024-01-01T11:24 threw an unhandled Exception: 
java.lang.NullPointerException
	at ui.SendReminder.execute(SendReminder.java:47)
	at org.quartz.core.JobRunShell.run(JobRunShell.java:202)
	at org.quartz.simpl.SimpleThreadPool$WorkerThread.run(SimpleThreadPool.java:573)
2024-02-23 23:04:26 ERROR ErrorLogger:2401 - Job (e086df45-3cd5-470f-95b9-8a674c33d659.2024-01-01T11:24 threw an exception.
org.quartz.SchedulerException: Job threw an unhandled exception. [See nested exception: java.lang.NullPointerException]
	at org.quartz.core.JobRunShell.run(JobRunShell.java:213)
	at org.quartz.simpl.SimpleThreadPool$WorkerThread.run(SimpleThreadPool.java:573)
Caused by: java.lang.NullPointerException
	at ui.SendReminder.execute(SendReminder.java:47)
	at org.quartz.core.JobRunShell.run(JobRunShell.java:202)
	... 1 more
2024-02-23 23:04:27 ERROR JobRunShell:211 - Job b8e6c6b3-0705-43bb-a3e0-ab15b1489cc7.2024-01-01T16:12 threw an unhandled Exception: 
java.lang.NullPointerException
	at ui.SendReminder.execute(SendReminder.java:47)
	at org.quartz.core.JobRunShell.run(JobRunShell.java:202)
	at org.quartz.simpl.SimpleThreadPool$WorkerThread.run(SimpleThreadPool.java:573)
2024-02-23 23:04:27 ERROR ErrorLogger:2401 - Job (b8e6c6b3-0705-43bb-a3e0-ab15b1489cc7.2024-01-01T16:12 threw an exception.
org.quartz.SchedulerException: Job threw an unhandled exception. [See nested exception: java.lang.NullPointerException]
	at org.quartz.core.JobRunShell.run(JobRunShell.java:213)
	at org.quartz.simpl.SimpleThreadPool$WorkerThread.run(SimpleThreadPool.java:573)
Caused by: java.lang.NullPointerException
	at ui.SendReminder.execute(SendReminder.java:47)
	at org.quartz.core.JobRunShell.run(JobRunShell.java:202)
	... 1 more
2024-02-23 23:04:27 ERROR JobRunShell:211 - Job b8e6c6b3-0705-43bb-a3e0-ab15b1489cc7.2024-01-01T11:24 threw an unhandled Exception: 
java.lang.NullPointerException
	at ui.SendReminder.execute(SendReminder.java:47)
	at org.quartz.core.JobRunShell.run(JobRunShell.java:202)
	at org.quartz.simpl.SimpleThreadPool$WorkerThread.run(SimpleThreadPool.java:573)
2024-02-23 23:04:27 ERROR ErrorLogger:2401 - Job (b8e6c6b3-0705-43bb-a3e0-ab15b1489cc7.2024-01-01T11:24 threw an exception.
org.quartz.SchedulerException: Job threw an unhandled exception. [See nested exception: java.lang.NullPointerException]
	at org.quartz.core.JobRunShell.run(JobRunShell.java:213)
	at org.quartz.simpl.SimpleThreadPool$WorkerThread.run(SimpleThreadPool.java:573)
Caused by: java.lang.NullPointerException
	at ui.SendReminder.execute(SendReminder.java:47)
	at org.quartz.core.JobRunShell.run(JobRunShell.java:202)
	... 1 more
2024-02-23 23:04:27 ERROR JobRunShell:211 - Job b8e6c6b3-0705-43bb-a3e0-ab15b1489cc7.2024-01-01T13:48 threw an unhandled Exception: 
java.lang.NullPointerException
	at ui.SendReminder.execute(SendReminder.java:47)
	at org.quartz.core.JobRunShell.run(JobRunShell.java:202)
	at org.quartz.simpl.SimpleThreadPool$WorkerThread.run(SimpleThreadPool.java:573)
2024-02-23 23:04:27 ERROR ErrorLogger:2401 - Job (b8e6c6b3-0705-43bb-a3e0-ab15b1489cc7.2024-01-01T13:48 threw an exception.
org.quartz.SchedulerException: Job threw an unhandled exception. [See nested exception: java.lang.NullPointerException]
	at org.quartz.core.JobRunShell.run(JobRunShell.java:213)
	at org.quartz.simpl.SimpleThreadPool$WorkerThread.run(SimpleThreadPool.java:573)
Caused by: java.lang.NullPointerException
	at ui.SendReminder.execute(SendReminder.java:47)
	at org.quartz.core.JobRunShell.run(JobRunShell.java:202)
	... 1 more
2024-02-23 23:04:27 ERROR JobRunShell:211 - Job b8e6c6b3-0705-43bb-a3e0-ab15b1489cc7.2024-01-01T18:36 threw an unhandled Exception: 
java.lang.NullPointerException
	at ui.SendReminder.execute(SendReminder.java:47)
	at org.quartz.core.JobRunShell.run(JobRunShell.java:202)
	at org.quartz.simpl.SimpleThreadPool$WorkerThread.run(SimpleThreadPool.java:573)
2024-02-23 23:04:27 ERROR ErrorLogger:2401 - Job (b8e6c6b3-0705-43bb-a3e0-ab15b1489cc7.2024-01-01T18:36 threw an exception.
org.quartz.SchedulerException: Job threw an unhandled exception. [See nested exception: java.lang.NullPointerException]
	at org.quartz.core.JobRunShell.run(JobRunShell.java:213)
	at org.quartz.simpl.SimpleThreadPool$WorkerThread.run(SimpleThreadPool.java:573)
Caused by: java.lang.NullPointerException
	at ui.SendReminder.execute(SendReminder.java:47)
	at org.quartz.core.JobRunShell.run(JobRunShell.java:202)
	... 1 more